0 info it worked if it ends with ok
1 verbose cli [ '/Users/matt/.nvm/versions/node/v7.1.0/bin/node',
1 verbose cli   '/Users/matt/.nvm/versions/node/v7.1.0/bin/npm',
1 verbose cli   'run',
1 verbose cli   'test' ]
2 info using npm@3.10.9
3 info using node@v7.1.0
4 verbose run-script [ 'pretest', 'test', 'posttest' ]
5 info lifecycle piperoni@0.0.4~pretest: piperoni@0.0.4
6 silly lifecycle piperoni@0.0.4~pretest: no script for pretest, continuing
7 info lifecycle piperoni@0.0.4~test: piperoni@0.0.4
8 verbose lifecycle piperoni@0.0.4~test: unsafe-perm in lifecycle true
9 verbose lifecycle piperoni@0.0.4~test: PATH: /Users/matt/.nvm/versions/node/v7.1.0/lib/node_modules/npm/bin/node-gyp-bin:/Users/matt/Repos/piperoni/node_modules/.bin:/Users/matt/.nvm/versions/node/v7.1.0/bin:/usr/local/bin:/usr/bin:/bin:/usr/sbin:/sbin:/usr/local/mysql/bin/:/usr/local/mysql/bin/
10 verbose lifecycle piperoni@0.0.4~test: CWD: /Users/matt/Repos/piperoni
11 silly lifecycle piperoni@0.0.4~test: Args: [ '-c', 'mocha' ]
12 silly lifecycle piperoni@0.0.4~test: Returned: code: 11  signal: null
13 info lifecycle piperoni@0.0.4~test: Failed to exec test script
14 verbose stack Error: piperoni@0.0.4 test: `mocha`
14 verbose stack Exit status 11
14 verbose stack     at EventEmitter.<anonymous> (/Users/matt/.nvm/versions/node/v7.1.0/lib/node_modules/npm/lib/utils/lifecycle.js:255:16)
14 verbose stack     at emitTwo (events.js:106:13)
14 verbose stack     at EventEmitter.emit (events.js:191:7)
14 verbose stack     at ChildProcess.<anonymous> (/Users/matt/.nvm/versions/node/v7.1.0/lib/node_modules/npm/lib/utils/spawn.js:40:14)
14 verbose stack     at emitTwo (events.js:106:13)
14 verbose stack     at ChildProcess.emit (events.js:191:7)
14 verbose stack     at maybeClose (internal/child_process.js:885:16)
14 verbose stack     at Process.ChildProcess._handle.onexit (internal/child_process.js:226:5)
15 verbose pkgid piperoni@0.0.4
16 verbose cwd /Users/matt/Repos/piperoni
17 error Darwin 16.7.0
18 error argv "/Users/matt/.nvm/versions/node/v7.1.0/bin/node" "/Users/matt/.nvm/versions/node/v7.1.0/bin/npm" "run" "test"
19 error node v7.1.0
20 error npm  v3.10.9
21 error code ELIFECYCLE
22 error piperoni@0.0.4 test: `mocha`
22 error Exit status 11
23 error Failed at the piperoni@0.0.4 test script 'mocha'.
23 error Make sure you have the latest version of node.js and npm installed.
23 error If you do, this is most likely a problem with the piperoni package,
23 error not with npm itself.
23 error Tell the author that this fails on your system:
23 error     mocha
23 error You can get information on how to open an issue for this project with:
23 error     npm bugs piperoni
23 error Or if that isn't available, you can get their info via:
23 error     npm owner ls piperoni
23 error There is likely additional logging output above.
24 verbose exit [ 1, true ]
